#
# There is insufficient memory for the Java Runtime Environment to continue.
# Native memory allocation (malloc) failed to allocate 1367696 bytes for Chunk::new
# Possible reasons:
#   The system is out of physical RAM or swap space
#   The process is running with CompressedOops enabled, and the Java Heap may be blocking the growth of the native heap
# Possible solutions:
#   Reduce memory load on the system
#   Increase physical memory or swap space
#   Check if swap backing store is full
#   Decrease Java heap size (-Xmx/-Xms)
#   Decrease number of Java threads
#   Decrease Java thread stack sizes (-Xss)
#   Set larger code cache with -XX:ReservedCodeCacheSize=
#   JVM is running with Zero Based Compressed Oops mode in which the Java heap is
#     placed in the first 32GB address space. The Java Heap base address is the
#     maximum limit for the native heap growth. Please use -XX:HeapBaseMinAddress
#     to set the Java Heap base and to place the Java Heap above 32GB virtual address.
# This output file may be truncated or incomplete.
#
#  Out of Memory Error (./open/src/hotspot/share/memory/arena.cpp:197), pid=30600, tid=13488
#
# JRE version: Java(TM) SE Runtime Environment 18.9 (11.0.17+10) (build 11.0.17+10-LTS-269)
# Java VM: Java HotSpot(TM) 64-Bit Server VM 18.9 (11.0.17+10-LTS-269, mixed mode, tiered, compressed oops, g1 gc, windows-amd64)
# No core dump will be written. Minidumps are not enabled by default on client versions of Windows
#

---------------  S U M M A R Y ------------

Command Line: -ea -javaagent:C:\Users\LyDT\.m2\repository/org/aspectj/aspectjweaver/1.9.8/aspectjweaver-1.9.8.jar -Dallure.results.directory=target/allure-results -Dfile.encoding=UTF-8 org.testng.remote.RemoteTestNG -serport 53400 -protocol json -d D:\TaiLieu\DuAn\ENAS\test-output D:\TaiLieu\DuAn\ENAS\src\test\resources\runEnas.xml

Host: 11th Gen Intel(R) Core(TM) i5-1135G7 @ 2.40GHz, 8 cores, 15G,  Windows 11 , 64 bit Build 22621 (10.0.22621.2506)
Time: Mon Dec 25 18:19:13 2023 Tokyo Standard Time elapsed time: 6.731292 seconds (0d 0h 0m 6s)

---------------  T H R E A D  ---------------

Current thread (0x00000245cd469000):  JavaThread "C2 CompilerThread1" daemon [_thread_in_native, id=13488, stack(0x0000008e9d100000,0x0000008e9d200000)]


Current CompileTask:
C2:   6731 3648       4       org.aspectj.weaver.bcel.BcelWeaver::weave (1238 bytes)

Stack: [0x0000008e9d100000,0x0000008e9d200000]
Native frames: (J=compiled Java code, j=interpreted, Vv=VM code, C=native code)
V  [jvm.dll+0x62b5da]
V  [jvm.dll+0x7653df]
V  [jvm.dll+0x766a89]
V  [jvm.dll+0x767113]
V  [jvm.dll+0x23dd28]
V  [jvm.dll+0xb2a1c]
V  [jvm.dll+0xb2fdc]
V  [jvm.dll+0x341552]
V  [jvm.dll+0x18cc59]
V  [jvm.dll+0x1f8815]
V  [jvm.dll+0x1f78fd]
V  [jvm.dll+0x177c91]
V  [jvm.dll+0x207296]
V  [jvm.dll+0x20542b]
V  [jvm.dll+0x72b2c0]
V  [jvm.dll+0x723e64]
V  [jvm.dll+0x62a485]
C  [ucrtbase.dll+0x29363]
C  [KERNEL32.DLL+0x1257d]
C  [ntdll.dll+0x5aa58]


---------------  P R O C E S S  ---------------

Threads class SMR info:
_java_thread_list=0x00000245d3c43260, length=25, elements={
0x00000245a9e8f000, 0x00000245cc99e000, 0x00000245cc9a7000, 0x00000245cd299800,
0x00000245cd29c800, 0x00000245cd2a0000, 0x00000245cd2ab000, 0x00000245cd2ad800,
0x00000245cd2bb000, 0x00000245cd2bd800, 0x00000245cd2bc000, 0x00000245cd2ba000,
0x00000245cd2be000, 0x00000245cd2c0000, 0x00000245cd2bc800, 0x00000245cd2c0800,
0x00000245cd2bf000, 0x00000245d15b8800, 0x00000245d15b7800, 0x00000245d15bb000,
0x00000245d15b5000, 0x00000245d15bc000, 0x00000245d15b7000, 0x00000245cd469000,
0x00000245d24ab800
}

Java Threads: ( => current thread )
  0x00000245a9e8f000 JavaThread "main" [_thread_in_vm, id=24272, stack(0x0000008e9c100000,0x0000008e9c200000)]
  0x00000245cc99e000 JavaThread "Reference Handler" daemon [_thread_blocked, id=8340, stack(0x0000008e9c800000,0x0000008e9c900000)]
  0x00000245cc9a7000 JavaThread "Finalizer" daemon [_thread_blocked, id=644, stack(0x0000008e9c900000,0x0000008e9ca00000)]
  0x00000245cd299800 JavaThread "Signal Dispatcher" daemon [_thread_blocked, id=25584, stack(0x0000008e9ca00000,0x0000008e9cb00000)]
  0x00000245cd29c800 JavaThread "Attach Listener" daemon [_thread_blocked, id=32312, stack(0x0000008e9cb00000,0x0000008e9cc00000)]
  0x00000245cd2a0000 JavaThread "Service Thread" daemon [_thread_blocked, id=5444, stack(0x0000008e9cc00000,0x0000008e9cd00000)]
  0x00000245cd2ab000 JavaThread "C2 CompilerThread0" daemon [_thread_in_native, id=17904, stack(0x0000008e9cd00000,0x0000008e9ce00000)]
  0x00000245cd2ad800 JavaThread "C1 CompilerThread0" daemon [_thread_in_native, id=23208, stack(0x0000008e9ce00000,0x0000008e9cf00000)]
  0x00000245cd2bb000 JavaThread "Sweeper thread" daemon [_thread_blocked, id=19736, stack(0x0000008e9cf00000,0x0000008e9d000000)]
  0x00000245cd2bd800 JavaThread "Common-Cleaner" daemon [_thread_blocked, id=18208, stack(0x0000008e9d000000,0x0000008e9d100000)]
  0x00000245cd2bc000 JavaThread "ReaderThread" [_thread_in_native, id=15500, stack(0x0000008e9da00000,0x0000008e9db00000)]
  0x00000245cd2ba000 JavaThread "ForkJoinPool.commonPool-worker-3" daemon [_thread_blocked, id=25924, stack(0x0000008e9dc00000,0x0000008e9dd00000)]
  0x00000245cd2be000 JavaThread "AsyncHttpClient-1-1" daemon [_thread_blocked, id=11040, stack(0x0000008e9dd00000,0x0000008e9de00000)]
  0x00000245cd2c0000 JavaThread "Exec Default Executor" daemon [_thread_in_native, id=30564, stack(0x0000008e9de00000,0x0000008e9df00000)]
  0x00000245cd2bc800 JavaThread "Exec Stream Pumper" daemon [_thread_in_native, id=27228, stack(0x0000008e9df00000,0x0000008e9e000000)]
  0x00000245cd2c0800 JavaThread "Exec Stream Pumper" daemon [_thread_in_native, id=31952, stack(0x0000008e9e000000,0x0000008e9e100000)]
  0x00000245cd2bf000 JavaThread "Driver Service Executor" daemon [_thread_blocked, id=8300, stack(0x0000008e9e100000,0x0000008e9e200000)]
  0x00000245d15b8800 JavaThread "Driver Service Executor" daemon [_thread_blocked, id=30652, stack(0x0000008e9e200000,0x0000008e9e300000)]
  0x00000245d15b7800 JavaThread "UrlChecker-2" daemon [_thread_blocked, id=24024, stack(0x0000008e9e300000,0x0000008e9e400000)]
  0x00000245d15bb000 JavaThread "Keep-Alive-Timer" daemon [_thread_blocked, id=9972, stack(0x0000008e9e400000,0x0000008e9e500000)]
  0x00000245d15b5000 JavaThread "AsyncHttpClient-1-2" daemon [_thread_in_native, id=26544, stack(0x0000008e9e600000,0x0000008e9e700000)]
  0x00000245d15bc000 JavaThread "AsyncHttpClient-1-3" daemon [_thread_in_native, id=7000, stack(0x0000008e9e700000,0x0000008e9e800000)]
  0x00000245d15b7000 JavaThread "AsyncHttpClient-1-4" daemon [_thread_in_native, id=8276, stack(0x0000008e9e800000,0x0000008e9e900000)]
=>0x00000245cd469000 JavaThread "C2 CompilerThread1" daemon [_thread_in_native, id=13488, stack(0x0000008e9d100000,0x0000008e9d200000)]
  0x00000245d24ab800 JavaThread "C2 CompilerThread2" daemon [_thread_in_native, id=16932, stack(0x0000008e9d300000,0x0000008e9d400000)]

Other Threads:
  0x00000245cc99a000 VMThread "VM Thread" [stack: 0x0000008e9c700000,0x0000008e9c800000] [id=2392]
  0x00000245cdd62000 WatcherThread [stack: 0x0000008e9d200000,0x0000008e9d300000] [id=10428]
  0x00000245a9ea4800 GCTaskThread "GC Thread#0" [stack: 0x0000008e9c200000,0x0000008e9c300000] [id=11896]
  0x00000245cd882000 GCTaskThread "GC Thread#1" [stack: 0x0000008e9d400000,0x0000008e9d500000] [id=17948]
  0x00000245cdd5e000 GCTaskThread "GC Thread#2" [stack: 0x0000008e9d500000,0x0000008e9d600000] [id=23904]
  0x00000245ce5f9000 GCTaskThread "GC Thread#3" [stack: 0x0000008e9d600000,0x0000008e9d700000] [id=7952]
  0x00000245ce5fa000 GCTaskThread "GC Thread#4" [stack: 0x0000008e9d700000,0x0000008e9d800000] [id=23876]
  0x00000245cdeae000 GCTaskThread "GC Thread#5" [stack: 0x0000008e9d800000,0x0000008e9d900000] [id=22928]
  0x00000245cf387800 GCTaskThread "GC Thread#6" [stack: 0x0000008e9e500000,0x0000008e9e600000] [id=18772]
  0x00000245a9efa800 ConcurrentGCThread "G1 Main Marker" [stack: 0x0000008e9c300000,0x0000008e9c400000] [id=12184]
  0x00000245a9efc000 ConcurrentGCThread "G1 Conc#0" [stack: 0x0000008e9c400000,0x0000008e9c500000] [id=2388]
  0x00000245d1574800 ConcurrentGCThread "G1 Conc#1" [stack: 0x0000008e9db00000,0x0000008e9dc00000] [id=9524]
  0x00000245cc882800 ConcurrentGCThread "G1 Refine#0" [stack: 0x0000008e9c500000,0x0000008e9c600000] [id=32336]
  0x00000245cc883800 ConcurrentGCThread "G1 Young RemSet Sampling" [stack: 0x0000008e9c600000,0x0000008e9c700000] [id=2900]

Threads with active compile tasks:
C2 CompilerThread0     6754 3652   !   4       jdk.internal.loader.BuiltinClassLoader::findResource (154 bytes)
C1 CompilerThread0     6754 3694       3       java.lang.ClassLoader::getDefinedPackage (35 bytes)
C2 CompilerThread1     6754 3648       4       org.aspectj.weaver.bcel.BcelWeaver::weave (1238 bytes)
C2 CompilerThread2     6754 3655       4       org.aspectj.apache.bcel.generic.Type::getTypeInternal (274 bytes)

VM state:not at safepoint (normal execution)

VM Mutex/Monitor currently owned by a thread: None

Heap address: 0x0000000704000000, size: 4032 MB, Compressed Oops mode: Zero based, Oop shift amount: 3
Narrow klass base: 0x0000000800000000, Narrow klass shift: 0
Compressed class space size: 1073741824 Address: 0x0000000800000000

Heap:
 garbage-first heap   total 310272K, used 96470K [0x0000000704000000, 0x0000000800000000)
  region size 1024K, 49 young (50176K), 17 survivors (17408K)
 Metaspace       used 42725K, capacity 43540K, committed 43648K, reserved 1087488K
  class space    used 4663K, capacity 4981K, committed 4992K, reserved 1048576K
Heap Regions: E=young(eden), S=young(survivor), O=old, HS=humongous(starts), HC=humongous(continues), CS=collection set, F=free, A=archive, TAMS=top-at-mark-start (previous, next)
|   0|0x0000000704000000, 0x0000000704100000, 0x0000000704100000|100%| O|  |TAMS 0x0000000704100000, 0x0000000704000000| Untracked 
|   1|0x0000000704100000, 0x0000000704200000, 0x0000000704200000|100%| O|  |TAMS 0x0000000704200000, 0x0000000704100000| Untracked 
|   2|0x0000000704200000, 0x0000000704300000, 0x0000000704300000|100%| O|  |TAMS 0x0000000704300000, 0x0000000704200000| Untracked 
|   3|0x0000000704300000, 0x0000000704400000, 0x0000000704400000|100%| O|  |TAMS 0x0000000704400000, 0x0000000704300000| Untracked 
|   4|0x0000000704400000, 0x0000000704500000, 0x0000000704500000|100%| O|  |TAMS 0x0000000704500000, 0x0000000704400000| Untracked 
|   5|0x0000000704500000, 0x0000000704600000, 0x0000000704600000|100%| O|  |TAMS 0x0000000704600000, 0x0000000704500000| Untracked 
|   6|0x0000000704600000, 0x0000000704700000, 0x0000000704700000|100%| O|  |TAMS 0x0000000704700000, 0x0000000704600000| Untracked 
|   7|0x0000000704700000, 0x0000000704800000, 0x0000000704800000|100%| O|  |TAMS 0x0000000704800000, 0x0000000704700000| Untracked 
|   8|0x0000000704800000, 0x0000000704900000, 0x0000000704900000|100%| O|  |TAMS 0x0000000704900000, 0x0000000704800000| Untracked 
|   9|0x0000000704900000, 0x0000000704a00000, 0x0000000704a00000|100%| O|  |TAMS 0x0000000704a00000, 0x0000000704900000| Untracked 
|  10|0x0000000704a00000, 0x0000000704b00000, 0x0000000704b00000|100%| O|  |TAMS 0x0000000704b00000, 0x0000000704a00000| Untracked 
|  11|0x0000000704b00000, 0x0000000704c00000, 0x0000000704c00000|100%| O|  |TAMS 0x0000000704c00000, 0x0000000704b00000| Untracked 
|  12|0x0000000704c00000, 0x0000000704d00000, 0x0000000704d00000|100%| O|  |TAMS 0x0000000704d00000, 0x0000000704c00000| Untracked 
|  13|0x0000000704d00000, 0x0000000704e00000, 0x0000000704e00000|100%| O|  |TAMS 0x0000000704e00000, 0x0000000704d00000| Untracked 
|  14|0x0000000704e00000, 0x0000000704f00000, 0x0000000704f00000|100%| O|  |TAMS 0x0000000704f00000, 0x0000000704e00000| Untracked 
|  15|0x0000000704f00000, 0x0000000705000000, 0x0000000705000000|100%| O|  |TAMS 0x0000000705000000, 0x0000000704f00000| Untracked 
|  16|0x0000000705000000, 0x0000000705100000, 0x0000000705100000|100%| O|  |TAMS 0x0000000705100000, 0x0000000705000000| Untracked 
|  17|0x0000000705100000, 0x0000000705200000, 0x0000000705200000|100%| O|  |TAMS 0x0000000705200000, 0x0000000705100000| Untracked 
|  18|0x0000000705200000, 0x0000000705300000, 0x0000000705300000|100%| O|  |TAMS 0x0000000705300000, 0x0000000705200000| Untracked 
|  19|0x0000000705300000, 0x0000000705400000, 0x0000000705400000|100%| O|  |TAMS 0x0000000705400000, 0x0000000705300000| Untracked 
|  20|0x0000000705400000, 0x0000000705500000, 0x0000000705500000|100%| O|  |TAMS 0x0000000705500000, 0x0000000705400000| Untracked 
|  21|0x0000000705500000, 0x0000000705600000, 0x0000000705600000|100%| O|  |TAMS 0x0000000705600000, 0x0000000705500000| Untracked 
|  22|0x0000000705600000, 0x0000000705700000, 0x0000000705700000|100%| O|  |TAMS 0x0000000705700000, 0x0000000705600000| Untracked 
|  23|0x0000000705700000, 0x0000000705800000, 0x0000000705800000|100%| O|  |TAMS 0x0000000705800000, 0x0000000705700000| Untracked 
|  24|0x0000000705800000, 0x0000000705900000, 0x0000000705900000|100%| O|  |TAMS 0x0000000705900000, 0x0000000705800000| Untracked 
|  25|0x0000000705900000, 0x0000000705a00000, 0x0000000705a00000|100%| O|  |TAMS 0x0000000705a00000, 0x0000000705900000| Untracked 
|  26|0x0000000705a00000, 0x0000000705b00000, 0x0000000705b00000|100%| O|  |TAMS 0x0000000705b00000, 0x0000000705a00000| Untracked 
|  27|0x0000000705b00000, 0x0000000705c00000, 0x0000000705c00000|100%| O|  |TAMS 0x0000000705c00000, 0x0000000705b00000| Untracked 
|  28|0x0000000705c00000, 0x0000000705d00000, 0x0000000705d00000|100%| O|  |TAMS 0x0000000705d00000, 0x0000000705c00000| Untracked 
|  29|0x0000000705d00000, 0x0000000705e00000, 0x0000000705e00000|100%| O|  |TAMS 0x0000000705e00000, 0x0000000705d00000| Untracked 
|  30|0x0000000705e00000, 0x0000000705f00000, 0x0000000705f00000|100%| O|  |TAMS 0x0000000705f00000, 0x0000000705e00000| Untracked 
|  31|0x0000000705f00000, 0x0000000706000000, 0x0000000706000000|100%| O|  |TAMS 0x0000000706000000, 0x0000000705f00000| Untracked 
|  32|0x0000000706000000, 0x0000000706100000, 0x0000000706100000|100%| O|  |TAMS 0x0000000706100000, 0x0000000706000000| Untracked 
|  33|0x0000000706100000, 0x0000000706200000, 0x0000000706200000|100%| O|  |TAMS 0x0000000706200000, 0x0000000706100000| Untracked 
|  34|0x0000000706200000, 0x0000000706300000, 0x0000000706300000|100%| O|  |TAMS 0x0000000706300000, 0x0000000706200000| Untracked 
|  35|0x0000000706300000, 0x0000000706400000, 0x0000000706400000|100%| O|  |TAMS 0x0000000706400000, 0x0000000706300000| Untracked 
|  36|0x0000000706400000, 0x0000000706500000, 0x0000000706500000|100%| O|  |TAMS 0x0000000706500000, 0x0000000706400000| Untracked 
|  37|0x0000000706500000, 0x0000000706600000, 0x0000000706600000|100%| O|  |TAMS 0x0000000706600000, 0x0000000706500000| Untracked 
|  38|0x0000000706600000, 0x0000000706700000, 0x0000000706700000|100%| O|  |TAMS 0x0000000706700000, 0x0000000706600000| Untracked 
|  39|0x0000000706700000, 0x0000000706800000, 0x0000000706800000|100%| O|  |TAMS 0x0000000706800000, 0x0000000706700000| Untracked 
|  40|0x0000000706800000, 0x0000000706900000, 0x0000000706900000|100%| O|  |TAMS 0x0000000706900000, 0x0000000706800000| Untracked 
|  41|0x0000000706900000, 0x0000000706935800, 0x0000000706a00000| 20%| O|  |TAMS 0x0000000706935800, 0x0000000706900000| Untracked 
|  42|0x0000000706a00000, 0x0000000706b00000, 0x0000000706b00000|100%|HS|  |TAMS 0x0000000706a00000, 0x0000000706a00000| Complete 
|  43|0x0000000706b00000, 0x0000000706c00000, 0x0000000706c00000|100%|HC|  |TAMS 0x0000000706b00000, 0x0000000706b00000| Complete 
|  44|0x0000000706c00000, 0x0000000706d00000, 0x0000000706d00000|100%|HC|  |TAMS 0x0000000706c00000, 0x0000000706c00000| Complete 
|  45|0x0000000706d00000, 0x0000000706e00000, 0x0000000706e00000|100%|HC|  |TAMS 0x0000000706d00000, 0x0000000706d00000| Complete 
|  46|0x0000000706e00000, 0x0000000706f00000, 0x0000000706f00000|100%|HC|  |TAMS 0x0000000706e00000, 0x0000000706e00000| Complete 
|  47|0x0000000706f00000, 0x0000000706f00000, 0x0000000707000000|  0%| F|  |TAMS 0x0000000706f00000, 0x0000000706f00000| Untracked 
|  48|0x0000000707000000, 0x0000000707000000, 0x0000000707100000|  0%| F|  |TAMS 0x0000000707000000, 0x0000000707000000| Untracked 
|  49|0x0000000707100000, 0x0000000707100000, 0x0000000707200000|  0%| F|  |TAMS 0x0000000707100000, 0x0000000707100000| Untracked 
|  50|0x0000000707200000, 0x0000000707200000, 0x0000000707300000|  0%| F|  |TAMS 0x0000000707200000, 0x0000000707200000| Untracked 
|  51|0x0000000707300000, 0x0000000707300000, 0x0000000707400000|  0%| F|  |TAMS 0x0000000707300000, 0x0000000707300000| Untracked 
|  52|0x0000000707400000, 0x0000000707400000, 0x0000000707500000|  0%| F|  |TAMS 0x0000000707400000, 0x0000000707400000| Untracked 
|  53|0x0000000707500000, 0x0000000707500000, 0x0000000707600000|  0%| F|  |TAMS 0x0000000707500000, 0x0000000707500000| Untracked 
|  54|0x0000000707600000, 0x0000000707600000, 0x0000000707700000|  0%| F|  |TAMS 0x0000000707600000, 0x0000000707600000| Untracked 
|  55|0x0000000707700000, 0x0000000707700000, 0x0000000707800000|  0%| F|  |TAMS 0x0000000707700000, 0x0000000707700000| Untracked 
|  56|0x0000000707800000, 0x0000000707800000, 0x0000000707900000|  0%| F|  |TAMS 0x0000000707800000, 0x0000000707800000| Untracked 
|  57|0x0000000707900000, 0x0000000707900000, 0x0000000707a00000|  0%| F|  |TAMS 0x0000000707900000, 0x0000000707900000| Untracked 
|  58|0x0000000707a00000, 0x0000000707a00000, 0x0000000707b00000|  0%| F|  |TAMS 0x0000000707a00000, 0x0000000707a00000| Untracked 
|  59|0x0000000707b00000, 0x0000000707b00000, 0x0000000707c00000|  0%| F|  |TAMS 0x0000000707b00000, 0x0000000707b00000| Untracked 
|  60|0x0000000707c00000, 0x0000000707c00000, 0x0000000707d00000|  0%| F|  |TAMS 0x0000000707c00000, 0x0000000707c00000| Untracked 
|  61|0x0000000707d00000, 0x0000000707d00000, 0x0000000707e00000|  0%| F|  |TAMS 0x0000000707d00000, 0x0000000707d00000| Untracked 
|  62|0x0000000707e00000, 0x0000000707e00000, 0x0000000707f00000|  0%| F|  |TAMS 0x0000000707e00000, 0x0000000707e00000| Untracked 
|  63|0x0000000707f00000, 0x0000000707f00000, 0x0000000708000000|  0%| F|  |TAMS 0x0000000707f00000, 0x0000000707f00000| Untracked 
|  64|0x0000000708000000, 0x0000000708000000, 0x0000000708100000|  0%| F|  |TAMS 0x0000000708000000, 0x0000000708000000| Untracked 
|  65|0x0000000708100000, 0x0000000708100000, 0x0000000708200000|  0%| F|  |TAMS 0x0000000708100000, 0x0000000708100000| Untracked 
|  66|0x0000000708200000, 0x0000000708200000, 0x0000000708300000|  0%| F|  |TAMS 0x0000000708200000, 0x0000000708200000| Untracked 
|  67|0x0000000708300000, 0x0000000708300000, 0x0000000708400000|  0%| F|  |TAMS 0x0000000708300000, 0x0000000708300000| Untracked 
|  68|0x0000000708400000, 0x0000000708400000, 0x0000000708500000|  0%| F|  |TAMS 0x0000000708400000, 0x0000000708400000| Untracked 
|  69|0x0000000708500000, 0x0000000708500000, 0x0000000708600000|  0%| F|  |TAMS 0x0000000708500000, 0x0000000708500000| Untracked 
|  70|0x0000000708600000, 0x0000000708600000, 0x0000000708700000|  0%| F|  |TAMS 0x0000000708600000, 0x0000000708600000| Untracked 
|  71|0x0000000708700000, 0x0000000708700000, 0x0000000708800000|  0%| F|  |TAMS 0x0000000708700000, 0x0000000708700000| Untracked 
|  72|0x0000000708800000, 0x0000000708800000, 0x0000000708900000|  0%| F|  |TAMS 0x0000000708800000, 0x0000000708800000| Untracked 
|  73|0x0000000708900000, 0x0000000708900000, 0x0000000708a00000|  0%| F|  |TAMS 0x0000000708900000, 0x0000000708900000| Untracked 
|  74|0x0000000708a00000, 0x0000000708a00000, 0x0000000708b00000|  0%| F|  |TAMS 0x0000000708a00000, 0x0000000708a00000| Untracked 
|  75|0x0000000708b00000, 0x0000000708b00000, 0x0000000708c00000|  0%| F|  |TAMS 0x0000000708b00000, 0x0000000708b00000| Untracked 
|  76|0x0000000708c00000, 0x0000000708c00000, 0x0000000708d00000|  0%| F|  |TAMS 0x0000000708c00000, 0x0000000708c00000| Untracked 
|  77|0x0000000708d00000, 0x0000000708d00000, 0x0000000708e00000|  0%| F|  |TAMS 0x0000000708d00000, 0x0000000708d00000| Untracked 
|  78|0x0000000708e00000, 0x0000000708e00000, 0x0000000708f00000|  0%| F|  |TAMS 0x0000000708e00000, 0x0000000708e00000| Untracked 
|  79|0x0000000708f00000, 0x0000000708f00000, 0x0000000709000000|  0%| F|  |TAMS 0x0000000708f00000, 0x0000000708f00000| Untracked 
|  80|0x0000000709000000, 0x0000000709000000, 0x0000000709100000|  0%| F|  |TAMS 0x0000000709000000, 0x0000000709000000| Untracked 
|  81|0x0000000709100000, 0x0000000709100000, 0x0000000709200000|  0%| F|  |TAMS 0x0000000709100000, 0x0000000709100000| Untracked 
|  82|0x0000000709200000, 0x0000000709200000, 0x0000000709300000|  0%| F|  |TAMS 0x0000000709200000, 0x0000000709200000| Untracked 
|  83|0x0000000709300000, 0x0000000709300000, 0x0000000709400000|  0%| F|  |TAMS 0x0000000709300000, 0x0000000709300000| Untracked 
|  84|0x0000000709400000, 0x0000000709400000, 0x0000000709500000|  0%| F|  |TAMS 0x0000000709400000, 0x0000000709400000| Untracked 
|  85|0x0000000709500000, 0x0000000709500000, 0x0000000709600000|  0%| F|  |TAMS 0x0000000709500000, 0x0000000709500000| Untracked 
|  86|0x0000000709600000, 0x0000000709600000, 0x0000000709700000|  0%| F|  |TAMS 0x0000000709600000, 0x0000000709600000| Untracked 
|  87|0x0000000709700000, 0x0000000709700000, 0x0000000709800000|  0%| F|  |TAMS 0x0000000709700000, 0x0000000709700000| Untracked 
|  88|0x0000000709800000, 0x0000000709800000, 0x0000000709900000|  0%| F|  |TAMS 0x0000000709800000, 0x0000000709800000| Untracked 
|  89|0x0000000709900000, 0x0000000709900000, 0x0000000709a00000|  0%| F|  |TAMS 0x0000000709900000, 0x0000000709900000| Untracked 
|  90|0x0000000709a00000, 0x0000000709a00000, 0x0000000709b00000|  0%| F|  |TAMS 0x0000000709a00000, 0x0000000709a00000| Untracked 
|  91|0x0000000709b00000, 0x0000000709b00000, 0x0000000709c00000|  0%| F|  |TAMS 0x0000000709b00000, 0x0000000709b00000| Untracked 
|  92|0x0000000709c00000, 0x0000000709c00000, 0x0000000709d00000|  0%| F|  |TAMS 0x0000000709c00000, 0x0000000709c00000| Untracked 
|  93|0x0000000709d00000, 0x0000000709d00000, 0x0000000709e00000|  0%| F|  |TAMS 0x0000000709d00000, 0x0000000709d00000| Untracked 
|  94|0x0000000709e00000, 0x0000000709e00000, 0x0000000709f00000|  0%| F|  |TAMS 0x0000000709e00000, 0x0000000709e00000| Untracked 
|  95|0x0000000709f00000, 0x0000000709f00000, 0x000000070a000000|  0%| F|  |TAMS 0x0000000709f00000, 0x0000000709f00000| Untracked 
|  96|0x000000070a000000, 0x000000070a000000, 0x000000070a100000|  0%| F|  |TAMS 0x000000070a000000, 0x000000070a000000| Untracked 
|  97|0x000000070a100000, 0x000000070a100000, 0x000000070a200000|  0%| F|  |TAMS 0x000000070a100000, 0x000000070a100000| Untracked 
|  98|0x000000070a200000, 0x000000070a200000, 0x000000070a300000|  0%| F|  |TAMS 0x000000070a200000, 0x000000070a200000| Untracked 
|  99|0x000000070a300000, 0x000000070a300000, 0x000000070a400000|  0%| F|  |TAMS 0x000000070a300000, 0x000000070a300000| Untracked 
| 100|0x000000070a400000, 0x000000070a400000, 0x000000070a500000|  0%| F|  |TAMS 0x000000070a400000, 0x000000070a400000| Untracked 
| 101|0x000000070a500000, 0x000000070a500000, 0x000000070a600000|  0%| F|  |TAMS 0x000000070a500000, 0x000000070a500000| Untracked 
| 102|0x000000070a600000, 0x000000070a600000, 0x000000070a700000|  0%| F|  |TAMS 0x000000070a600000, 0x000000070a600000| Untracked 
| 103|0x000000070a700000, 0x000000070a700000, 0x000000070a800000|  0%| F|  |TAMS 0x000000070a700000, 0x000000070a700000| Untracked 
| 104|0x000000070a800000, 0x000000070a800000, 0x000000070a900000|  0%| F|  |TAMS 0x000000070a800000, 0x000000070a800000| Untracked 
| 105|0x000000070a900000, 0x000000070a900000, 0x000000070aa00000|  0%| F|  |TAMS 0x000000070a900000, 0x000000070a900000| Untracked 
| 106|0x000000070aa00000, 0x000000070aa00000, 0x000000070ab00000|  0%| F|  |TAMS 0x000000070aa00000, 0x000000070aa00000| Untracked 
| 107|0x000000070ab00000, 0x000000070ab00000, 0x000000070ac00000|  0%| F|  |TAMS 0x000000070ab00000, 0x000000070ab00000| Untracked 
| 108|0x000000070ac00000, 0x000000070ac00000, 0x000000070ad00000|  0%| F|  |TAMS 0x000000070ac00000, 0x000000070ac00000| Untracked 
| 109|0x000000070ad00000, 0x000000070ad00000, 0x000000070ae00000|  0%| F|  |TAMS 0x000000070ad00000, 0x000000070ad00000| Untracked 
| 110|0x000000070ae00000, 0x000000070ae00000, 0x000000070af00000|  0%| F|  |TAMS 0x000000070ae00000, 0x000000070ae00000| Untracked 
| 111|0x000000070af00000, 0x000000070af00000, 0x000000070b000000|  0%| F|  |TAMS 0x000000070af00000, 0x000000070af00000| Untracked 
| 112|0x000000070b000000, 0x000000070b000000, 0x000000070b100000|  0%| F|  |TAMS 0x000000070b000000, 0x000000070b000000| Untracked 
| 113|0x000000070b100000, 0x000000070b100000, 0x000000070b200000|  0%| F|  |TAMS 0x000000070b100000, 0x000000070b100000| Untracked 
| 114|0x000000070b200000, 0x000000070b200000, 0x000000070b300000|  0%| F|  |TAMS 0x000000070b200000, 0x000000070b200000| Untracked 
| 115|0x000000070b300000, 0x000000070b300000, 0x000000070b400000|  0%| F|  |TAMS 0x000000070b300000, 0x000000070b300000| Untracked 
| 116|0x000000070b400000, 0x000000070b400000, 0x000000070b500000|  0%| F|  |TAMS 0x000000070b400000, 0x000000070b400000| Untracked 
| 117|0x000000070b500000, 0x000000070b500000, 0x000000070b600000|  0%| F|  |TAMS 0x000000070b500000, 0x000000070b500000| Untracked 
| 118|0x000000070b600000, 0x000000070b600000, 0x000000070b700000|  0%| F|  |TAMS 0x000000070b600000, 0x000000070b600000| Untracked 
| 119|0x000000070b700000, 0x000000070b700000, 0x000000070b800000|  0%| F|  |TAMS 0x000000070b700000, 0x000000070b700000| Untracked 
| 120|0x000000070b800000, 0x000000070b800000, 0x000000070b900000|  0%| F|  |TAMS 0x000000070b800000, 0x000000070b800000| Untracked 
| 121|0x000000070b900000, 0x000000070b900000, 0x000000070ba00000|  0%| F|  |TAMS 0x000000070b900000, 0x000000070b900000| Untracked 
| 122|0x000000070ba00000, 0x000000070ba00000, 0x000000070bb00000|  0%| F|  |TAMS 0x000000070ba00000, 0x000000070ba00000| Untracked 
| 123|0x000000070bb00000, 0x000000070bb00000, 0x000000070bc00000|  0%| F|  |TAMS 0x000000070bb00000, 0x000000070bb00000| Untracked 
| 124|0x000000070bc00000, 0x000000070bc00000, 0x000000070bd00000|  0%| F|  |TAMS 0x000000070bc00000, 0x000000070bc00000| Untracked 
| 125|0x000000070bd00000, 0x000000070bd00000, 0x000000070be00000|  0%| F|  |TAMS 0x000000070bd00000, 0x000000070bd00000| Untracked 
| 126|0x000000070be00000, 0x000000070be00000, 0x000000070bf00000|  0%| F|  |TAMS 0x000000070be00000, 0x000000070be00000| Untracked 
| 127|0x000000070bf00000, 0x000000070bf00000, 0x000000070c000000|  0%| F|  |TAMS 0x000000070bf00000, 0x000000070bf00000| Untracked 
| 128|0x000000070c000000, 0x000000070c000000, 0x000000070c100000|  0%| F|  |TAMS 0x000000070c000000, 0x000000070c000000| Untracked 
| 129|0x000000070c100000, 0x000000070c100000, 0x000000070c200000|  0%| F|  |TAMS 0x000000070c100000, 0x000000070c100000| Untracked 
| 130|0x000000070c200000, 0x000000070c200000, 0x000000070c300000|  0%| F|  |TAMS 0x000000070c200000, 0x000000070c200000| Untracked 
| 131|0x000000070c300000, 0x000000070c300000, 0x000000070c400000|  0%| F|  |TAMS 0x000000070c300000, 0x000000070c300000| Untracked 
| 132|0x000000070c400000, 0x000000070c400000, 0x000000070c500000|  0%| F|  |TAMS 0x000000070c400000, 0x000000070c400000| Untracked 
| 133|0x000000070c500000, 0x000000070c500000, 0x000000070c600000|  0%| F|  |TAMS 0x000000070c500000, 0x000000070c500000| Untracked 
| 134|0x000000070c600000, 0x000000070c600000, 0x000000070c700000|  0%| F|  |TAMS 0x000000070c600000, 0x000000070c600000| Untracked 
| 135|0x000000070c700000, 0x000000070c700000, 0x000000070c800000|  0%| F|  |TAMS 0x000000070c700000, 0x000000070c700000| Untracked 
| 136|0x000000070c800000, 0x000000070c800000, 0x000000070c900000|  0%| F|  |TAMS 0x000000070c800000, 0x000000070c800000| Untracked 
| 137|0x000000070c900000, 0x000000070c900000, 0x000000070ca00000|  0%| F|  |TAMS 0x000000070c900000, 0x000000070c900000| Untracked 
| 138|0x000000070ca00000, 0x000000070ca00000, 0x000000070cb00000|  0%| F|  |TAMS 0x000000070ca00000, 0x000000070ca00000| Untracked 
| 139|0x000000070cb00000, 0x000000070cb00000, 0x000000070cc00000|  0%| F|  |TAMS 0x000000070cb00000, 0x000000070cb00000| Untracked 
| 140|0x000000070cc00000, 0x000000070cc00000, 0x000000070cd00000|  0%| F|  |TAMS 0x000000070cc00000, 0x000000070cc00000| Untracked 
| 141|0x000000070cd00000, 0x000000070cd00000, 0x000000070ce00000|  0%| F|  |TAMS 0x000000070cd00000, 0x000000070cd00000| Untracked 
| 142|0x000000070ce00000, 0x000000070cf00000, 0x000000070cf00000|100%| S|CS|TAMS 0x000000070ce00000, 0x000000070ce00000| Complete 
| 143|0x000000070cf00000, 0x000000070d000000, 0x000000070d000000|100%| S|CS|TAMS 0x000000070cf00000, 0x000000070cf00000| Complete 
| 144|0x000000070d000000, 0x000000070d100000, 0x000000070d100000|100%| S|CS|TAMS 0x000000070d000000, 0x000000070d000000| Complete 
| 145|0x000000070d100000, 0x000000070d200000, 0x000000070d200000|100%| S|CS|TAMS 0x000000070d100000, 0x000000070d100000| Complete 
| 146|0x000000070d200000, 0x000000070d300000, 0x000000070d300000|100%| S|CS|TAMS 0x000000070d200000, 0x000000070d200000| Complete 
| 147|0x000000070d300000, 0x000000070d400000, 0x000000070d400000|100%| S|CS|TAMS 0x000000070d300000, 0x000000070d300000| Complete 
| 148|0x000000070d400000, 0x000000070d500000, 0x000000070d500000|100%| S|CS|TAMS 0x000000070d400000, 0x000000070d400000| Complete 
| 149|0x000000070d500000, 0x000000070d600000, 0x000000070d600000|100%| S|CS|TAMS 0x000000070d500000, 0x000000070d500000| Complete 
| 150|0x000000070d600000, 0x000000070d700000, 0x000000070d700000|100%| S|CS|TAMS 0x000000070d600000, 0x000000070d600000| Complete 
| 151|0x000000070d700000, 0x000000070d800000, 0x000000070d800000|100%| S|CS|TAMS 0x000000070d700000, 0x000000070d700000| Complete 
| 152|0x000000070d800000, 0x000000070d900000, 0x000000070d900000|100%| S|CS|TAMS 0x000000070d800000, 0x000000070d800000| Complete 
| 153|0x000000070d900000, 0x000000070da00000, 0x000000070da00000|100%| S|CS|TAMS 0x000000070d900000, 0x000000070d900000| Complete 
| 154|0x000000070da00000, 0x000000070db00000, 0x000000070db00000|100%| S|CS|TAMS 0x000000070da00000, 0x000000070da00000| Complete 
| 155|0x000000070db00000, 0x000000070dc00000, 0x000000070dc00000|100%| S|CS|TAMS 0x000000070db00000, 0x000000070db00000| Complete 
| 156|0x000000070dc00000, 0x000000070dd00000, 0x000000070dd00000|100%| S|CS|TAMS 0x000000070dc00000, 0x000000070dc00000| Complete 
| 157|0x000000070dd00000, 0x000000070de00000, 0x000000070de00000|100%| S|CS|TAMS 0x000000070dd00000, 0x000000070dd00000| Complete 
| 158|0x000000070de00000, 0x000000070df00000, 0x000000070df00000|100%| S|CS|TAMS 0x000000070de00000, 0x000000070de00000| Complete 
| 159|0x000000070df00000, 0x000000070df00000, 0x000000070e000000|  0%| F|  |TAMS 0x000000070df00000, 0x000000070df00000| Untracked 
| 160|0x000000070e000000, 0x000000070e000000, 0x000000070e100000|  0%| F|  |TAMS 0x000000070e000000, 0x000000070e000000| Untracked 
| 161|0x000000070e100000, 0x000000070e100000, 0x000000070e200000|  0%| F|  |TAMS 0x000000070e100000, 0x000000070e100000| Untracked 
| 162|0x000000070e200000, 0x000000070e200000, 0x000000070e300000|  0%| F|  |TAMS 0x000000070e200000, 0x000000070e200000| Untracked 
| 163|0x000000070e300000, 0x000000070e300000, 0x000000070e400000|  0%| F|  |TAMS 0x000000070e300000, 0x000000070e300000| Untracked 
| 164|0x000000070e400000, 0x000000070e400000, 0x000000070e500000|  0%| F|  |TAMS 0x000000070e400000, 0x000000070e400000| Untracked 
| 165|0x000000070e500000, 0x000000070e500000, 0x000000070e600000|  0%| F|  |TAMS 0x000000070e500000, 0x000000070e500000| Untracked 
| 166|0x000000070e600000, 0x000000070e600000, 0x000000070e700000|  0%| F|  |TAMS 0x000000070e600000, 0x000000070e600000| Untracked 
| 167|0x000000070e700000, 0x000000070e700000, 0x000000070e800000|  0%| F|  |TAMS 0x000000070e700000, 0x000000070e700000| Untracked 
| 168|0x000000070e800000, 0x000000070e800000, 0x000000070e900000|  0%| F|  |TAMS 0x000000070e800000, 0x000000070e800000| Untracked 
| 169|0x000000070e900000, 0x000000070e900000, 0x000000070ea00000|  0%| F|  |TAMS 0x000000070e900000, 0x000000070e900000| Untracked 
| 170|0x000000070ea00000, 0x000000070ea00000, 0x000000070eb00000|  0%| F|  |TAMS 0x000000070ea00000, 0x000000070ea00000| Untracked 
| 171|0x000000070eb00000, 0x000000070eb00000, 0x000000070ec00000|  0%| F|  |TAMS 0x000000070eb00000, 0x000000070eb00000| Untracked 
| 172|0x000000070ec00000, 0x000000070ec00000, 0x000000070ed00000|  0%| F|  |TAMS 0x000000070ec00000, 0x000000070ec00000| Untracked 
| 173|0x000000070ed00000, 0x000000070ed00000, 0x000000070ee00000|  0%| F|  |TAMS 0x000000070ed00000, 0x000000070ed00000| Untracked 
| 174|0x000000070ee00000, 0x000000070ee00000, 0x000000070ef00000|  0%| F|  |TAMS 0x000000070ee00000, 0x000000070ee00000| Untracked 
| 175|0x000000070ef00000, 0x000000070ef00000, 0x000000070f000000|  0%| F|  |TAMS 0x000000070ef00000, 0x000000070ef00000| Untracked 
| 176|0x000000070f000000, 0x000000070f000000, 0x000000070f100000|  0%| F|  |TAMS 0x000000070f000000, 0x000000070f000000| Untracked 
| 177|0x000000070f100000, 0x000000070f100000, 0x000000070f200000|  0%| F|  |TAMS 0x000000070f100000, 0x000000070f100000| Untracked 
| 178|0x000000070f200000, 0x000000070f200000, 0x000000070f300000|  0%| F|  |TAMS 0x000000070f200000, 0x000000070f200000| Untracked 
| 179|0x000000070f300000, 0x000000070f300000, 0x000000070f400000|  0%| F|  |TAMS 0x000000070f300000, 0x000000070f300000| Untracked 
| 180|0x000000070f400000, 0x000000070f400000, 0x000000070f500000|  0%| F|  |TAMS 0x000000070f400000, 0x000000070f400000| Untracked 
| 181|0x000000070f500000, 0x000000070f500000, 0x000000070f600000|  0%| F|  |TAMS 0x000000070f500000, 0x000000070f500000| Untracked 
| 182|0x000000070f600000, 0x000000070f600000, 0x000000070f700000|  0%| F|  |TAMS 0x000000070f600000, 0x000000070f600000| Untracked 
| 183|0x000000070f700000, 0x000000070f700000, 0x000000070f800000|  0%| F|  |TAMS 0x000000070f700000, 0x000000070f700000| Untracked 
| 184|0x000000070f800000, 0x000000070f800000, 0x000000070f900000|  0%| F|  |TAMS 0x000000070f800000, 0x000000070f800000| Untracked 
| 185|0x000000070f900000, 0x000000070f900000, 0x000000070fa00000|  0%| F|  |TAMS 0x000000070f900000, 0x000000070f900000| Untracked 
| 186|0x000000070fa00000, 0x000000070fa00000, 0x000000070fb00000|  0%| F|  |TAMS 0x000000070fa00000, 0x000000070fa00000| Untracked 
| 187|0x000000070fb00000, 0x000000070fb00000, 0x000000070fc00000|  0%| F|  |TAMS 0x000000070fb00000, 0x000000070fb00000| Untracked 
| 188|0x000000070fc00000, 0x000000070fc00000, 0x000000070fd00000|  0%| F|  |TAMS 0x000000070fc00000, 0x000000070fc00000| Untracked 
| 189|0x000000070fd00000, 0x000000070fd00000, 0x000000070fe00000|  0%| F|  |TAMS 0x000000070fd00000, 0x000000070fd00000| Untracked 
| 190|0x000000070fe00000, 0x000000070fe00000, 0x000000070ff00000|  0%| F|  |TAMS 0x000000070fe00000, 0x000000070fe00000| Untracked 
| 191|0x000000070ff00000, 0x000000070ff00000, 0x0000000710000000|  0%| F|  |TAMS 0x000000070ff00000, 0x000000070ff00000| Untracked 
| 192|0x0000000710000000, 0x0000000710000000, 0x0000000710100000|  0%| F|  |TAMS 0x0000000710000000, 0x0000000710000000| Untracked 
| 193|0x0000000710100000, 0x0000000710100000, 0x0000000710200000|  0%| F|  |TAMS 0x0000000710100000, 0x0000000710100000| Untracked 
| 194|0x0000000710200000, 0x0000000710200000, 0x0000000710300000|  0%| F|  |TAMS 0x0000000710200000, 0x0000000710200000| Untracked 
| 195|0x0000000710300000, 0x0000000710300000, 0x0000000710400000|  0%| F|  |TAMS 0x0000000710300000, 0x0000000710300000| Untracked 
| 196|0x0000000710400000, 0x0000000710400000, 0x0000000710500000|  0%| F|  |TAMS 0x0000000710400000, 0x0000000710400000| Untracked 
| 197|0x0000000710500000, 0x0000000710500000, 0x0000000710600000|  0%| F|  |TAMS 0x0000000710500000, 0x0000000710500000| Untracked 
| 198|0x0000000710600000, 0x0000000710600000, 0x0000000710700000|  0%| F|  |TAMS 0x0000000710600000, 0x0000000710600000| Untracked 
| 199|0x0000000710700000, 0x0000000710700000, 0x0000000710800000|  0%| F|  |TAMS 0x0000000710700000, 0x0000000710700000| Untracked 
| 200|0x0000000710800000, 0x0000000710800000, 0x0000000710900000|  0%| F|  |TAMS 0x0000000710800000, 0x0000000710800000| Untracked 
| 201|0x0000000710900000, 0x0000000710900000, 0x0000000710a00000|  0%| F|  |TAMS 0x0000000710900000, 0x0000000710900000| Untracked 
| 202|0x0000000710a00000, 0x0000000710a00000, 0x0000000710b00000|  0%| F|  |TAMS 0x0000000710a00000, 0x0000000710a00000| Untracked 
| 203|0x0000000710b00000, 0x0000000710b00000, 0x0000000710c00000|  0%| F|  |TAMS 0x0000000710b00000, 0x0000000710b00000| Untracked 
| 204|0x0000000710c00000, 0x0000000710c00000, 0x0000000710d00000|  0%| F|  |TAMS 0x0000000710c00000, 0x0000000710c00000| Untracked 
| 205|0x0000000710d00000, 0x0000000710d00000, 0x0000000710e00000|  0%| F|  |TAMS 0x0000000710d00000, 0x0000000710d00000| Untracked 
| 206|0x0000000710e00000, 0x0000000710e00000, 0x0000000710f00000|  0%| F|  |TAMS 0x0000000710e00000, 0x0000000710e00000| Untracked 
| 207|0x0000000710f00000, 0x0000000710f00000, 0x0000000711000000|  0%| F|  |TAMS 0x0000000710f00000, 0x0000000710f00000| Untracked 
| 208|0x0000000711000000, 0x0000000711000000, 0x0000000711100000|  0%| F|  |TAMS 0x0000000711000000, 0x0000000711000000| Untracked 
| 209|0x0000000711100000, 0x0000000711100000, 0x0000000711200000|  0%| F|  |TAMS 0x0000000711100000, 0x0000000711100000| Untracked 
| 210|0x0000000711200000, 0x0000000711200000, 0x0000000711300000|  0%| F|  |TAMS 0x0000000711200000, 0x0000000711200000| Untracked 
| 211|0x0000000711300000, 0x0000000711300000, 0x0000000711400000|  0%| F|  |TAMS 0x0000000711300000, 0x0000000711300000| Untracked 
| 212|0x0000000711400000, 0x0000000711400000, 0x0000000711500000|  0%| F|  |TAMS 0x0000000711400000, 0x0000000711400000| Untracked 
| 213|0x0000000711500000, 0x0000000711500000, 0x0000000711600000|  0%| F|  |TAMS 0x0000000711500000, 0x0000000711500000| Untracked 
| 214|0x0000000711600000, 0x0000000711600000, 0x0000000711700000|  0%| F|  |TAMS 0x0000000711600000, 0x0000000711600000| Untracked 
| 215|0x0000000711700000, 0x0000000711700000, 0x0000000711800000|  0%| F|  |TAMS 0x0000000711700000, 0x0000000711700000| Untracked 
| 216|0x0000000711800000, 0x0000000711800000, 0x0000000711900000|  0%| F|  |TAMS 0x0000000711800000, 0x0000000711800000| Untracked 
| 217|0x0000000711900000, 0x0000000711900000, 0x0000000711a00000|  0%| F|  |TAMS 0x0000000711900000, 0x0000000711900000| Untracked 
| 218|0x0000000711a00000, 0x0000000711a00000, 0x0000000711b00000|  0%| F|  |TAMS 0x0000000711a00000, 0x0000000711a00000| Untracked 
| 219|0x0000000711b00000, 0x0000000711b00000, 0x0000000711c00000|  0%| F|  |TAMS 0x0000000711b00000, 0x0000000711b00000| Untracked 
| 220|0x0000000711c00000, 0x0000000711c00000, 0x0000000711d00000|  0%| F|  |TAMS 0x0000000711c00000, 0x0000000711c00000| Untracked 
| 221|0x0000000711d00000, 0x0000000711d00000, 0x0000000711e00000|  0%| F|  |TAMS 0x0000000711d00000, 0x0000000711d00000| Untracked 
| 222|0x0000000711e00000, 0x0000000711e00000, 0x0000000711f00000|  0%| F|  |TAMS 0x0000000711e00000, 0x0000000711e00000| Untracked 
| 223|0x0000000711f00000, 0x0000000711f00000, 0x0000000712000000|  0%| F|  |TAMS 0x0000000711f00000, 0x0000000711f00000| Untracked 
| 224|0x0000000712000000, 0x0000000712000000, 0x0000000712100000|  0%| F|  |TAMS 0x0000000712000000, 0x0000000712000000| Untracked 
| 225|0x0000000712100000, 0x0000000712100000, 0x0000000712200000|  0%| F|  |TAMS 0x0000000712100000, 0x0000000712100000| Untracked 
| 226|0x0000000712200000, 0x0000000712200000, 0x0000000712300000|  0%| F|  |TAMS 0x0000000712200000, 0x0000000712200000| Untracked 
| 227|0x0000000712300000, 0x0000000712300000, 0x0000000712400000|  0%| F|  |TAMS 0x0000000712300000, 0x0000000712300000| Untracked 
| 228|0x0000000712400000, 0x0000000712400000, 0x0000000712500000|  0%| F|  |TAMS 0x0000000712400000, 0x0000000712400000| Untracked 
| 229|0x0000000712500000, 0x0000000712500000, 0x0000000712600000|  0%| F|  |TAMS 0x0000000712500000, 0x0000000712500000| Untracked 
| 230|0x0000000712600000, 0x0000000712600000, 0x0000000712700000|  0%| F|  |TAMS 0x0000000712600000, 0x0000000712600000| Untracked 
| 231|0x0000000712700000, 0x0000000712700000, 0x0000000712800000|  0%| F|  |TAMS 0x0000000712700000, 0x0000000712700000| Untracked 
| 232|0x0000000712800000, 0x0000000712800000, 0x0000000712900000|  0%| F|  |TAMS 0x0000000712800000, 0x0000000712800000| Untracked 
| 233|0x0000000712900000, 0x0000000712900000, 0x0000000712a00000|  0%| F|  |TAMS 0x0000000712900000, 0x0000000712900000| Untracked 
| 234|0x0000000712a00000, 0x0000000712a00000, 0x0000000712b00000|  0%| F|  |TAMS 0x0000000712a00000, 0x0000000712a00000| Untracked 
| 235|0x0000000712b00000, 0x0000000712b00000, 0x0000000712c00000|  0%| F|  |TAMS 0x0000000712b00000, 0x0000000712b00000| Untracked 
| 236|0x0000000712c00000, 0x0000000712c00000, 0x0000000712d00000|  0%| F|  |TAMS 0x0000000712c00000, 0x0000000712c00000| Untracked 
| 237|0x0000000712d00000, 0x0000000712d00000, 0x0000000712e00000|  0%| F|  |TAMS 0x0000000712d00000, 0x0000000712d00000| Untracked 
| 238|0x0000000712e00000, 0x0000000712e00000, 0x0000000712f00000|  0%| F|  |TAMS 0x0000000712e00000, 0x0000000712e00000| Untracked 
| 239|0x0000000712f00000, 0x0000000712f00000, 0x0000000713000000|  0%| F|  |TAMS 0x0000000712f00000, 0x0000000712f00000| Untracked 
| 240|0x0000000713000000, 0x0000000713000000, 0x0000000713100000|  0%| F|  |TAMS 0x0000000713000000, 0x0000000713000000| Untracked 
| 241|0x0000000713100000, 0x0000000713100000, 0x0000000713200000|  0%| F|  |TAMS 0x0000000713100000, 0x0000000713100000| Untracked 
| 242|0x0000000713200000, 0x0000000713200000, 0x0000000713300000|  0%| F|  |TAMS 0x0000000713200000, 0x0000000713200000| Untracked 
| 243|0x0000000713300000, 0x0000000713300000, 0x0000000713400000|  0%| F|  |TAMS 0x0000000713300000, 0x0000000713300000| Untracked 
| 244|0x0000000713400000, 0x0000000713400000, 0x0000000713500000|  0%| F|  |TAMS 0x0000000713400000, 0x0000000713400000| Untracked 
| 245|0x0000000713500000, 0x0000000713500000, 0x0000000713600000|  0%| F|  |TAMS 0x0000000713500000, 0x0000000713500000| Untracked 
| 246|0x0000000713600000, 0x0000000713600000, 0x0000000713700000|  0%| F|  |TAMS 0x0000000713600000, 0x0000000713600000| Untracked 
| 247|0x0000000713700000, 0x0000000713700000, 0x0000000713800000|  0%| F|  |TAMS 0x0000000713700000, 0x0000000713700000| Untracked 
| 248|0x0000000713800000, 0x0000000713800000, 0x0000000713900000|  0%| F|  |TAMS 0x0000000713800000, 0x0000000713800000| Untracked 
| 249|0x0000000713900000, 0x0000000713900000, 0x0000000713a00000|  0%| F|  |TAMS 0x0000000713900000, 0x0000000713900000| Untracked 
| 250|0x0000000713a00000, 0x0000000713a00000, 0x0000000713b00000|  0%| F|  |TAMS 0x0000000713a00000, 0x0000000713a00000| Untracked 
| 251|0x0000000713b00000, 0x0000000713b00000, 0x0000000713c00000|  0%| F|  |TAMS 0x0000000713b00000, 0x0000000713b00000| Untracked 
| 252|0x0000000713c00000, 0x0000000713c00000, 0x0000000713d00000|  0%| F|  |TAMS 0x0000000713c00000, 0x0000000713c00000| Untracked 
| 253|0x0000000713d00000, 0x0000000713d00000, 0x0000000713e00000|  0%| F|  |TAMS 0x0000000713d00000, 0x0000000713d00000| Untracked 
| 254|0x0000000713e00000, 0x0000000713e00000, 0x0000000713f00000|  0%| F|  |TAMS 0x0000000713e00000, 0x0000000713e00000| Untracked 
| 255|0x0000000713f00000, 0x0000000713f00000, 0x0000000714000000|  0%| F|  |TAMS 0x0000000713f00000, 0x0000000713f00000| Untracked 
| 256|0x0000000714000000, 0x0000000714000000, 0x0000000714100000|  0%| F|  |TAMS 0x0000000714000000, 0x0000000714000000| Untracked 
| 257|0x0000000714100000, 0x0000000714100000, 0x0000000714200000|  0%| F|  |TAMS 0x0000000714100000, 0x0000000714100000| Untracked 
| 258|0x0000000714200000, 0x0000000714200000, 0x0000000714300000|  0%| F|  |TAMS 0x0000000714200000, 0x0000000714200000| Untracked 
| 259|0x0000000714300000, 0x0000000714300000, 0x0000000714400000|  0%| F|  |TAMS 0x0000000714300000, 0x0000000714300000| Untracked 
| 260|0x0000000714400000, 0x0000000714400000, 0x0000000714500000|  0%| F|  |TAMS 0x0000000714400000, 0x0000000714400000| Untracked 
| 261|0x0000000714500000, 0x0000000714500000, 0x0000000714600000|  0%| F|  |TAMS 0x0000000714500000, 0x0000000714500000| Untracked 
| 262|0x0000000714600000, 0x0000000714600000, 0x0000000714700000|  0%| F|  |TAMS 0x0000000714600000, 0x0000000714600000| Untracked 
| 263|0x0000000714700000, 0x0000000714700000, 0x0000000714800000|  0%| F|  |TAMS 0x0000000714700000, 0x0000000714700000| Untracked 
| 264|0x0000000714800000, 0x0000000714800000, 0x0000000714900000|  0%| F|  |TAMS 0x0000000714800000, 0x0000000714800000| Untracked 
| 265|0x0000000714900000, 0x0000000714900000, 0x0000000714a00000|  0%| F|  |TAMS 0x0000000714900000, 0x0000000714900000| Untracked 
| 266|0x0000000714a00000, 0x0000000714a00000, 0x0000000714b00000|  0%| F|  |TAMS 0x0000000714a00000, 0x0000000714a00000| Untracked 
| 267|0x0000000714b00000, 0x0000000714b00000, 0x0000000714c00000|  0%| F|  |TAMS 0x0000000714b00000, 0x0000000714b00000| Untracked 
| 268|0x0000000714c00000, 0x0000000714c00000, 0x0000000714d00000|  0%| F|  |TAMS 0x0000000714c00000, 0x0000000714c00000| Untracked 
| 269|0x0000000714d00000, 0x0000000714d00000, 0x0000000714e00000|  0%| F|  |TAMS 0x0000000714d00000, 0x0000000714d00000| Untracked 
| 270|0x0000000714e00000, 0x0000000714e80800, 0x0000000714f00000| 50%| E|  |TAMS 0x0000000714e00000, 0x0000000714e00000| Complete 
| 271|0x0000000714f00000, 0x0000000715000000, 0x0000000715000000|100%| E|CS|TAMS 0x0000000714f00000, 0x0000000714f00000| Complete 
| 272|0x0000000715000000, 0x0000000715100000, 0x0000000715100000|100%| E|CS|TAMS 0x0000000715000000, 0x0000000715000000| Complete 
| 273|0x0000000715100000, 0x0000000715200000, 0x0000000715200000|100%| E|CS|TAMS 0x0000000715100000, 0x0000000715100000| Complete 
| 274|0x0000000715200000, 0x0000000715300000, 0x0000000715300000|100%| E|CS|TAMS 0x0000000715200000, 0x0000000715200000| Complete 
| 275|0x0000000715300000, 0x0000000715400000, 0x0000000715400000|100%| E|CS|TAMS 0x0000000715300000, 0x0000000715300000| Complete 
| 276|0x0000000715400000, 0x0000000715500000, 0x0000000715500000|100%| E|CS|TAMS 0x0000000715400000, 0x0000000715400000| Complete 
| 277|0x0000000715500000, 0x0000000715600000, 0x0000000715600000|100%| E|CS|TAMS 0x0000000715500000, 0x0000000715500000| Complete 
| 278|0x0000000715600000, 0x0000000715700000, 0x0000000715700000|100%| E|CS|TAMS 0x0000000715600000, 0x0000000715600000| Complete 
| 279|0x0000000715700000, 0x0000000715800000, 0x0000000715800000|100%| E|CS|TAMS 0x0000000715700000, 0x0000000715700000| Complete 
| 280|0x0000000715800000, 0x0000000715900000, 0x0000000715900000|100%| E|CS|TAMS 0x0000000715800000, 0x0000000715800000| Complete 
| 281|0x0000000715900000, 0x0000000715a00000, 0x0000000715a00000|100%| E|CS|TAMS 0x0000000715900000, 0x0000000715900000| Complete 
| 282|0x0000000715a00000, 0x0000000715b00000, 0x0000000715b00000|100%| E|CS|TAMS 0x0000000715a00000, 0x0000000715a00000| Complete 
| 283|0x0000000715b00000, 0x0000000715c00000, 0x0000000715c00000|100%| E|CS|TAMS 0x0000000715b00000, 0x0000000715b00000| Complete 
| 284|0x0000000715c00000, 0x0000000715d00000, 0x0000000715d00000|100%| E|CS|TAMS 0x0000000715c00000, 0x0000000715c00000| Complete 
| 285|0x0000000715d00000, 0x0000000715e00000, 0x0000000715e00000|100%| E|CS|TAMS 0x0000000715d00000, 0x0000000715d00000| Complete 
| 286|0x0000000715e00000, 0x0000000715f00000, 0x0000000715f00000|100%| E|CS|TAMS 0x0000000715e00000, 0x0000000715e00000| Complete 
| 287|0x0000000715f00000, 0x0000000716000000, 0x0000000716000000|100%| E|CS|TAMS 0x0000000715f00000, 0x0000000715f00000| Complete 
| 288|0x0000000716000000, 0x0000000716100000, 0x0000000716100000|100%| E|CS|TAMS 0x0000000716000000, 0x0000000716000000| Complete 
| 289|0x0000000716100000, 0x0000000716200000, 0x0000000716200000|100%| E|CS|TAMS 0x0000000716100000, 0x0000000716100000| Complete 
| 290|0x0000000716200000, 0x0000000716300000, 0x0000000716300000|100%| E|CS|TAMS 0x0000000716200000, 0x0000000716200000| Complete 
| 291|0x0000000716300000, 0x0000000716400000, 0x0000000716400000|100%| E|CS|TAMS 0x0000000716300000, 0x0000000716300000| Complete 
| 292|0x0000000716400000, 0x0000000716500000, 0x0000000716500000|100%| E|CS|TAMS 0x0000000716400000, 0x0000000716400000| Complete 
| 293|0x0000000716500000, 0x0000000716600000, 0x0000000716600000|100%| E|CS|TAMS 0x0000000716500000, 0x0000000716500000| Complete 
| 294|0x0000000716600000, 0x0000000716700000, 0x0000000716700000|100%| E|CS|TAMS 0x0000000716600000, 0x0000000716600000| Complete 
| 295|0x0000000716700000, 0x0000000716800000, 0x0000000716800000|100%| E|CS|TAMS 0x0000000716700000, 0x0000000716700000| Complete 
| 296|0x0000000716800000, 0x0000000716900000, 0x0000000716900000|100%| E|CS|TAMS 0x0000000716800000, 0x0000000716800000| Complete 
| 297|0x0000000716900000, 0x0000000716a00000, 0x0000000716a00000|100%| E|CS|TAMS 0x0000000716900000, 0x0000000716900000| Complete 
| 298|0x0000000716a00000, 0x0000000716b00000, 0x0000000716b00000|100%| E|CS|TAMS 0x0000000716a00000, 0x0000000716a00000| Complete 
| 299|0x0000000716b00000, 0x0000000716c00000, 0x0000000716c00000|100%| E|CS|TAMS 0x0000000716b00000, 0x0000000716b00000| Complete 
| 300|0x0000000716c00000, 0x0000000716d00000, 0x0000000716d00000|100%| E|CS|TAMS 0x0000000716c00000, 0x0000000716c00000| Complete 
| 301|0x0000000716d00000, 0x0000000716e00000, 0x0000000716e00000|100%| E|CS|TAMS 0x0000000716d00000, 0x0000000716d00000| Complete 
| 302|0x0000000716e00000, 0x0000000716f00000, 0x0000000716f00000|100%| E|CS|TAMS 0x0000000716e00000, 0x0000000716e00000| Complete 

Card table byte_map: [0x00000245c1050000,0x00000245c1830000] _byte_map_base: 0x00000245bd830000

Marking Bits (Prev, Next): (CMBitMap*) 0x00000245a7d0e768, (CMBitMap*) 0x00000245a7d0e7a0
 Prev Bits: [0x00000245c2010000, 0x00000245c5f10000)
 Next Bits: [0x00000245c5f10000, 0x00000245c9e10000)

Polling page: 0x00000245a7e90000

Metaspace:

Usage:
  Non-class:     37.66 MB capacity,    37.20 MB ( 99%) used,   373.05 KB ( <1%) free+waste,    94.50 KB ( <1%) overhead. 
      Class:      4.86 MB capacity,     4.56 MB ( 94%) used,   266.66 KB (  5%) free+waste,    44.38 KB ( <1%) overhead. 
       Both:     42.52 MB capacity,    41.76 MB ( 98%) used,   639.70 KB (  1%) free+waste,   138.88 KB ( <1%) overhead. 

Virtual space:
  Non-class space:       38.00 MB reserved,      37.75 MB (>99%) committed 
      Class space:        1.00 GB reserved,       4.88 MB ( <1%) committed 
             Both:        1.04 GB reserved,      42.63 MB (  4%) committed 

Chunk freelists:
   Non-Class:  4.13 KB
       Class:  1.38 KB
        Both:  5.50 KB

CodeHeap 'non-profiled nmethods': size=120000Kb used=3764Kb max_used=3764Kb free=116235Kb
 bounds [0x00000245b9010000, 0x00000245b93c0000, 0x00000245c0540000]
CodeHeap 'profiled nmethods': size=120000Kb used=9440Kb max_used=9440Kb free=110559Kb
 bounds [0x00000245b1ae0000, 0x00000245b2420000, 0x00000245b9010000]
CodeHeap 'non-nmethods': size=5760Kb used=1240Kb max_used=1299Kb free=4519Kb
 bounds [0x00000245b1540000, 0x00000245b17b0000, 0x00000245b1ae0000]
 total_blobs=4244 nmethods=3660 adapters=495
 compilation: enabled
              stopped_count=0, restarted_count=0
 full_count=0

Compilation events (10 events):
Event: 6.717 Thread 0x00000245cd2ad800 3675       3       jdk.internal.org.objectweb.asm.FieldWriter::put (475 bytes)
Event: 6.718 Thread 0x00000245cd2ad800 nmethod 3675 0x00000245b2409c90 code [0x00000245b240a080, 0x00000245b240b158]
Event: 6.718 Thread 0x00000245d24ab800 nmethod 3657 0x00000245b93bae10 code [0x00000245b93bafc0, 0x00000245b93bb1b8]
Event: 6.718 Thread 0x00000245d24ab800 3676       4       jdk.internal.reflect.ByteVectorImpl::add (38 bytes)
Event: 6.719 Thread 0x00000245d24ab800 nmethod 3676 0x00000245b93bb490 code [0x00000245b93bb620, 0x00000245b93bb728]
Event: 6.719 Thread 0x00000245d24ab800 3677       4       sun.reflect.generics.parser.SignatureParser::current (59 bytes)
Event: 6.721 Thread 0x00000245d24ab800 nmethod 3677 0x00000245b93bb810 code [0x00000245b93bb9a0, 0x00000245b93bbaa8]
Event: 6.721 Thread 0x00000245d24ab800 3663       4       org.aspectj.weaver.bcel.BcelObjectType::isGeneric (9 bytes)
Event: 6.727 Thread 0x00000245d24ab800 nmethod 3663 0x00000245b93bbc10 code [0x00000245b93bbdc0, 0x00000245b93bc148]
Event: 6.727 Thread 0x00000245d24ab800 3655       4       org.aspectj.apache.bcel.generic.Type::getTypeInternal (274 bytes)

GC Heap History (10 events):
Event: 1.535 GC heap before
{Heap before GC invocations=2 (full 0):
 garbage-first heap   total 258048K, used 41394K [0x0000000704000000, 0x0000000800000000)
  region size 1024K, 38 young (38912K), 18 survivors (18432K)
 Metaspace       used 20781K, capacity 21024K, committed 21248K, reserved 1069056K
  class space    used 1949K, capacity 2048K, committed 2048K, reserved 1048576K
}
Event: 1.547 GC heap after
{Heap after GC invocations=3 (full 0):
 garbage-first heap   total 258048K, used 23883K [0x0000000704000000, 0x0000000800000000)
  region size 1024K, 2 young (2048K), 2 survivors (2048K)
 Metaspace       used 20781K, capacity 21024K, committed 21248K, reserved 1069056K
  class space    used 1949K, capacity 2048K, committed 2048K, reserved 1048576K
}
Event: 2.056 GC heap before
{Heap before GC invocations=4 (full 0):
 garbage-first heap   total 258048K, used 108875K [0x0000000704000000, 0x0000000800000000)
  region size 1024K, 85 young (87040K), 2 survivors (2048K)
 Metaspace       used 24888K, capacity 25277K, committed 25472K, reserved 1073152K
  class space    used 2438K, capacity 2581K, committed 2688K, reserved 1048576K
}
Event: 2.063 GC heap after
{Heap after GC invocations=5 (full 0):
 garbage-first heap   total 258048K, used 31682K [0x0000000704000000, 0x0000000800000000)
  region size 1024K, 10 young (10240K), 10 survivors (10240K)
 Metaspace       used 24888K, capacity 25277K, committed 25472K, reserved 1073152K
  class space    used 2438K, capacity 2581K, committed 2688K, reserved 1048576K
}
Event: 3.453 GC heap before
{Heap before GC invocations=5 (full 0):
 garbage-first heap   total 258048K, used 139202K [0x0000000704000000, 0x0000000800000000)
  region size 1024K, 115 young (117760K), 10 survivors (10240K)
 Metaspace       used 32213K, capacity 32729K, committed 32896K, reserved 1079296K
  class space    used 3376K, capacity 3585K, committed 3712K, reserved 1048576K
}
Event: 3.464 GC heap after
{Heap after GC invocations=6 (full 0):
 garbage-first heap   total 310272K, used 42043K [0x0000000704000000, 0x0000000800000000)
  region size 1024K, 11 young (11264K), 11 survivors (11264K)
 Metaspace       used 32213K, capacity 32729K, committed 32896K, reserved 1079296K
  class space    used 3376K, capacity 3585K, committed 3712K, reserved 1048576K
}
Event: 3.822 GC heap before
{Heap before GC invocations=6 (full 0):
 garbage-first heap   total 310272K, used 91195K [0x0000000704000000, 0x0000000800000000)
  region size 1024K, 60 young (61440K), 11 survivors (11264K)
 Metaspace       used 34883K, capacity 35526K, committed 35628K, reserved 1081344K
  class space    used 3705K, capacity 3968K, committed 3968K, reserved 1048576K
}
Event: 3.830 GC heap after
{Heap after GC invocations=7 (full 0):
 garbage-first heap   total 310272K, used 47592K [0x0000000704000000, 0x0000000800000000)
  region size 1024K, 6 young (6144K), 6 survivors (6144K)
 Metaspace       used 34883K, capacity 35526K, committed 35628K, reserved 1081344K
  class space    used 3705K, capacity 3968K, committed 3968K, reserved 1048576K
}
Event: 6.520 GC heap before
{Heap before GC invocations=8 (full 0):
 garbage-first heap   total 310272K, used 194024K [0x0000000704000000, 0x0000000800000000)
  region size 1024K, 144 young (147456K), 6 survivors (6144K)
 Metaspace       used 41175K, capacity 41931K, committed 42240K, reserved 1087488K
  class space    used 4463K, capacity 4787K, committed 4864K, reserved 1048576K
}
Event: 6.529 GC heap after
{Heap after GC invocations=9 (full 0):
 garbage-first heap   total 310272K, used 64726K [0x0000000704000000, 0x0000000800000000)
  region size 1024K, 17 young (17408K), 17 survivors (17408K)
 Metaspace       used 41175K, capacity 41931K, committed 42240K, reserved 1087488K
  class space    used 4463K, capacity 4787K, committed 4864K, reserved 1048576K
}

Deoptimization events (10 events):
Event: 4.260 Thread 0x00000245d15b5000 Uncommon trap: reason=class_check action=maybe_recompile pc=0x00000245b92359e8 method=org.aspectj.weaver.bcel.BcelMethod.hasAnnotation(Lorg/aspectj/weaver/UnresolvedType;)Z @ 30 c2
Event: 4.260 Thread 0x00000245d15b5000 Uncommon trap: reason=class_check action=maybe_recompile pc=0x00000245b92359e8 method=org.aspectj.weaver.bcel.BcelMethod.hasAnnotation(Lorg/aspectj/weaver/UnresolvedType;)Z @ 30 c2
Event: 4.260 Thread 0x00000245d15b5000 Uncommon trap: reason=class_check action=maybe_recompile pc=0x00000245b92359e8 method=org.aspectj.weaver.bcel.BcelMethod.hasAnnotation(Lorg/aspectj/weaver/UnresolvedType;)Z @ 30 c2
Event: 4.260 Thread 0x00000245d15b5000 Uncommon trap: reason=class_check action=maybe_recompile pc=0x00000245b92359e8 method=org.aspectj.weaver.bcel.BcelMethod.hasAnnotation(Lorg/aspectj/weaver/UnresolvedType;)Z @ 30 c2
Event: 4.283 Thread 0x00000245d15b5000 Uncommon trap: reason=class_check action=maybe_recompile pc=0x00000245b90aa090 method=java.nio.DirectByteBuffer.<init>(Lsun/nio/ch/DirectBuffer;IIIII)V @ 12 c2
Event: 4.283 Thread 0x00000245d15b5000 Uncommon trap: reason=class_check action=maybe_recompile pc=0x00000245b90aa090 method=java.nio.DirectByteBuffer.<init>(Lsun/nio/ch/DirectBuffer;IIIII)V @ 12 c2
Event: 4.962 Thread 0x00000245d15b5000 Uncommon trap: reason=class_check action=maybe_recompile pc=0x00000245b90aa090 method=java.nio.DirectByteBuffer.<init>(Lsun/nio/ch/DirectBuffer;IIIII)V @ 12 c2
Event: 4.981 Thread 0x00000245d15b5000 Uncommon trap: reason=class_check action=maybe_recompile pc=0x00000245b92fb7fc method=java.lang.ThreadLocal.setInitialValue()Ljava/lang/Object; @ 42 c2
Event: 5.110 Thread 0x00000245d15bc000 Uncommon trap: reason=class_check action=maybe_recompile pc=0x00000245b90aa090 method=java.nio.DirectByteBuffer.<init>(Lsun/nio/ch/DirectBuffer;IIIII)V @ 12 c2
Event: 5.236 Thread 0x00000245d15b5000 Uncommon trap: reason=unstable_if action=reinterpret pc=0x00000245b906cbd8 method=java.io.ByteArrayInputStream.read()I @ 8 c2

Classes redefined (0 events):
No events

Internal exceptions (10 events):
Event: 3.617 Thread 0x00000245a9e8f000 Exception <a 'java/lang/NoSuchMethodError'{0x000000071539d808}: java.lang.invoke.DirectMethodHandle$Holder.invokeInterface(Ljava/lang/Object;Ljava/lang/Object;Ljava/lang/Object;)Ljava/lang/Object;> (0x000000071539d808) thrown at [./open/src/hotspot/share/
Event: 3.617 Thread 0x00000245a9e8f000 Exception <a 'java/lang/IncompatibleClassChangeError'{0x00000007153a0790}: Found class java.lang.Object, but interface was expected> (0x00000007153a0790) thrown at [./open/src/hotspot/share/interpreter/linkResolver.cpp, line 838]
Event: 3.618 Thread 0x00000245a9e8f000 Exception <a 'java/lang/NoSuchMethodError'{0x00000007153a9ab8}: java.lang.invoke.DirectMethodHandle$Holder.invokeSpecialIFC(Ljava/lang/Object;Ljava/lang/Object;Ljava/lang/Object;Ljava/lang/Object;)I> (0x00000007153a9ab8) thrown at [./open/src/hotspot/shar
Event: 3.763 Thread 0x00000245a9e8f000 Exception <a 'java/lang/NoSuchMethodError'{0x00000007146845b0}: java.lang.invoke.Invokers$Holder.linkToTargetMethod(Ljava/lang/Object;IILjava/lang/Object;)Ljava/lang/Object;> (0x00000007146845b0) thrown at [./open/src/hotspot/share/interpreter/linkResolve
Event: 3.766 Thread 0x00000245a9e8f000 Exception <a 'java/lang/NoSuchMethodError'{0x000000071468ff20}: java.lang.invoke.DirectMethodHandle$Holder.invokeStatic(Ljava/lang/Object;Ljava/lang/Object;I)V> (0x000000071468ff20) thrown at [./open/src/hotspot/share/interpreter/linkResolver.cpp, line 77
Event: 3.847 Thread 0x00000245a9e8f000 Exception <a 'java/lang/NoSuchMethodError'{0x0000000716b0ea38}: java.lang.invoke.DirectMethodHandle$Holder.invokeSpecialIFC(Ljava/lang/Object;Ljava/lang/Object;Ljava/lang/Object;)I> (0x0000000716b0ea38) thrown at [./open/src/hotspot/share/interpreter/link
Event: 3.951 Thread 0x00000245a9e8f000 Exception <a 'java/lang/NoSuchMethodError'{0x00000007159d0cd0}: java.lang.invoke.DirectMethodHandle$Holder.invokeSpecial(Ljava/lang/Object;Ljava/lang/Object;Ljava/lang/Object;Ljava/lang/Object;Ljava/lang/Object;Ljava/lang/Object;)V> (0x00000007159d0cd0) t
Event: 5.060 Thread 0x00000245a9e8f000 Exception <a 'java/lang/NoSuchMethodError'{0x000000071227d228}: java.lang.invoke.DirectMethodHandle$Holder.invokeSpecialIFC(Ljava/lang/Object;Ljava/lang/Object;Ljava/lang/Object;)Ljava/lang/Object;> (0x000000071227d228) thrown at [./open/src/hotspot/share
Event: 5.093 Thread 0x00000245a9e8f000 Exception <a 'java/lang/NoSuchMethodError'{0x0000000711db2e78}: java.lang.invoke.DirectMethodHandle$Holder.invokeSpecial(Ljava/lang/Object;Ljava/lang/Object;Ljava/lang/Object;Ljava/lang/Object;Ljava/lang/Object;)V> (0x0000000711db2e78) thrown at [./open/s
Event: 5.217 Thread 0x00000245a9e8f000 Exception <a 'java/lang/ClassNotFoundException'{0x0000000710d96d10}: sun/util/logging/resources/spi/loggingProvider> (0x0000000710d96d10) thrown at [./open/src/hotspot/share/classfile/systemDictionary.cpp, line 226]

Events (10 events):
Event: 6.727 loading class com/fasterxml/jackson/databind/AnnotationIntrospector$ReferenceProperty$Type
Event: 6.727 loading class com/fasterxml/jackson/databind/AnnotationIntrospector$ReferenceProperty$Type done
Event: 6.727 loading class com/fasterxml/jackson/core/util/InternCache
Event: 6.727 loading class com/fasterxml/jackson/core/util/InternCache done
Event: 6.728 Executing VM operation: Deoptimize
Event: 6.729 Executing VM operation: Deoptimize done
Event: 6.729 loading class com/fasterxml/jackson/databind/introspect/POJOPropertyBuilder$Linked
Event: 6.729 loading class com/fasterxml/jackson/databind/introspect/POJOPropertyBuilder$Linked done
Event: 6.730 loading class com/fasterxml/jackson/databind/introspect/AnnotatedMethodCollector
Event: 6.730 loading class com/fasterxml/jackson/databind/introspect/AnnotatedMethodCollector done


Dynamic libraries:
0x00007ff722a10000 - 0x00007ff722a1f000 	C:\Program Files\Java\jdk-11.0.17\bin\javaw.exe
0x00007ffbd0c90000 - 0x00007ffbd0ea7000 	C:\WINDOWS\SYSTEM32\ntdll.dll
0x00007ffbcfae0000 - 0x00007ffbcfba4000 	C:\WINDOWS\System32\KERNEL32.DLL
0x00007ffbce230000 - 0x00007ffbce5d6000 	C:\WINDOWS\System32\KERNELBASE.dll
0x00007ffbce8c0000 - 0x00007ffbce9d1000 	C:\WINDOWS\System32\ucrtbase.dll
0x00007ffbc4e80000 - 0x00007ffbc4e95000 	C:\Program Files\Java\jdk-11.0.17\bin\VCRUNTIME140.dll
0x00007ffbc3b10000 - 0x00007ffbc3b28000 	C:\Program Files\Java\jdk-11.0.17\bin\jli.dll
0x00007ffbcf870000 - 0x00007ffbcf921000 	C:\WINDOWS\System32\ADVAPI32.dll
0x00007ffbcfdf0000 - 0x00007ffbcfe97000 	C:\WINDOWS\System32\msvcrt.dll
0x00007ffbcf930000 - 0x00007ffbcf9d5000 	C:\WINDOWS\System32\sechost.dll
0x00007ffbcf570000 - 0x00007ffbcf687000 	C:\WINDOWS\System32\RPCRT4.dll
0x00007ffbd0aa0000 - 0x00007ffbd0c4e000 	C:\WINDOWS\System32\USER32.dll
0x00007ffbce5e0000 - 0x00007ffbce606000 	C:\WINDOWS\System32\win32u.dll
0x00007ffba61c0000 - 0x00007ffba6453000 	C:\WINDOWS\WinSxS\amd64_microsoft.windows.common-controls_6595b64144ccf1df_6.0.22621.2506_none_270c5ae97388e100\COMCTL32.dll
0x00007ffbcf540000 - 0x00007ffbcf569000 	C:\WINDOWS\System32\GDI32.dll
0x00007ffbce000000 - 0x00007ffbce118000 	C:\WINDOWS\System32\gdi32full.dll
0x00007ffbce190000 - 0x00007ffbce22a000 	C:\WINDOWS\System32\msvcp_win.dll
0x00007ffbc3c90000 - 0x00007ffbc3c9a000 	C:\WINDOWS\SYSTEM32\VERSION.dll
0x00007ffbcf6b0000 - 0x00007ffbcf6e1000 	C:\WINDOWS\System32\IMM32.DLL
0x00007ffb91150000 - 0x00007ffb911eb000 	C:\Program Files\Java\jdk-11.0.17\bin\msvcp140.dll
0x00007ffb6d970000 - 0x00007ffb6e48a000 	C:\Program Files\Java\jdk-11.0.17\bin\server\jvm.dll
0x00007ffbcfd00000 - 0x00007ffbcfd08000 	C:\WINDOWS\System32\PSAPI.DLL
0x00007ffbc3fd0000 - 0x00007ffbc4004000 	C:\WINDOWS\SYSTEM32\WINMM.dll
0x00007ffba6790000 - 0x00007ffba6799000 	C:\WINDOWS\SYSTEM32\WSOCK32.dll
0x00007ffbced70000 - 0x00007ffbcede1000 	C:\WINDOWS\System32\WS2_32.dll
0x00007ffbcd0f0000 - 0x00007ffbcd108000 	C:\WINDOWS\SYSTEM32\kernel.appcore.dll
0x00007ffbc3460000 - 0x00007ffbc3470000 	C:\Program Files\Java\jdk-11.0.17\bin\verify.dll
0x00007ffbcb840000 - 0x00007ffbcba73000 	C:\WINDOWS\SYSTEM32\DBGHELP.DLL
0x00007ffbce9e0000 - 0x00007ffbced69000 	C:\WINDOWS\System32\combase.dll
0x00007ffbcf760000 - 0x00007ffbcf837000 	C:\WINDOWS\System32\OLEAUT32.dll
0x00007ffbc2730000 - 0x00007ffbc2762000 	C:\WINDOWS\SYSTEM32\dbgcore.DLL
0x00007ffbce780000 - 0x00007ffbce7fa000 	C:\WINDOWS\System32\bcryptPrimitives.dll
0x00007ffbc1280000 - 0x00007ffbc12a8000 	C:\Program Files\Java\jdk-11.0.17\bin\java.dll
0x00007ffbc19b0000 - 0x00007ffbc19ba000 	C:\Program Files\Java\jdk-11.0.17\bin\jimage.dll
0x00007ffbc1940000 - 0x00007ffbc194e000 	C:\Program Files\Java\jdk-11.0.17\bin\instrument.dll
0x00007ffbc14e0000 - 0x00007ffbc14f6000 	C:\Program Files\Java\jdk-11.0.17\bin\zip.dll
0x00007ffbd01d0000 - 0x00007ffbd0a2a000 	C:\WINDOWS\System32\SHELL32.dll
0x00007ffbcbf30000 - 0x00007ffbcc826000 	C:\WINDOWS\SYSTEM32\windows.storage.dll
0x00007ffbcbdf0000 - 0x00007ffbcbf2e000 	C:\WINDOWS\SYSTEM32\wintypes.dll
0x00007ffbd00d0000 - 0x00007ffbd01c3000 	C:\WINDOWS\System32\SHCORE.dll
0x00007ffbcf6f0000 - 0x00007ffbcf74e000 	C:\WINDOWS\System32\shlwapi.dll
0x00007ffbcdf30000 - 0x00007ffbcdf56000 	C:\WINDOWS\SYSTEM32\profapi.dll
0x00007ffbbfc70000 - 0x00007ffbbfc89000 	C:\Program Files\Java\jdk-11.0.17\bin\net.dll
0x00007ffbc4840000 - 0x00007ffbc4977000 	C:\WINDOWS\SYSTEM32\WINHTTP.dll
0x00007ffbcd570000 - 0x00007ffbcd5d9000 	C:\WINDOWS\system32\mswsock.dll
0x00007ffbbfc50000 - 0x00007ffbbfc62000 	C:\Program Files\Java\jdk-11.0.17\bin\nio.dll
0x00007ffbccb70000 - 0x00007ffbccc69000 	C:\WINDOWS\SYSTEM32\DNSAPI.dll
0x00007ffbccb00000 - 0x00007ffbccb2d000 	C:\WINDOWS\SYSTEM32\IPHLPAPI.DLL
0x00007ffbcf840000 - 0x00007ffbcf849000 	C:\WINDOWS\System32\NSI.dll
0x00007ffbc32a0000 - 0x00007ffbc32aa000 	C:\Windows\System32\rasadhlp.dll
0x00007ffbc34d0000 - 0x00007ffbc3553000 	C:\WINDOWS\System32\fwpuclnt.dll
0x00007ffbcd7c0000 - 0x00007ffbcd7db000 	C:\WINDOWS\SYSTEM32\CRYPTSP.dll
0x00007ffbcd050000 - 0x00007ffbcd085000 	C:\WINDOWS\system32\rsaenh.dll
0x00007ffbcd660000 - 0x00007ffbcd68c000 	C:\WINDOWS\SYSTEM32\USERENV.dll
0x00007ffbcd9b0000 - 0x00007ffbcd9d8000 	C:\WINDOWS\SYSTEM32\bcrypt.dll
0x00007ffbcd7e0000 - 0x00007ffbcd7ec000 	C:\WINDOWS\SYSTEM32\CRYPTBASE.dll
0x00007ffbc45b0000 - 0x00007ffbc45c9000 	C:\WINDOWS\SYSTEM32\dhcpcsvc6.DLL
0x00007ffbc4550000 - 0x00007ffbc456f000 	C:\WINDOWS\SYSTEM32\dhcpcsvc.DLL
0x00007ffbc8420000 - 0x00007ffbc84b7000 	C:\WINDOWS\system32\apphelp.dll
0x00007ffbc1270000 - 0x00007ffbc1279000 	C:\Program Files\Java\jdk-11.0.17\bin\management.dll
0x00007ffbc0b30000 - 0x00007ffbc0b3b000 	C:\Program Files\Java\jdk-11.0.17\bin\management_ext.dll
0x00007ffbb46e0000 - 0x00007ffbb4705000 	C:\Program Files\Java\jdk-11.0.17\bin\sunec.dll

dbghelp: loaded successfully - version: 4.0.5 - missing functions: none
symbol engine: initialized successfully - sym options: 0x614 - pdb path: .;C:\Program Files\Java\jdk-11.0.17\bin;C:\WINDOWS\SYSTEM32;C:\WINDOWS\WinSxS\amd64_microsoft.windows.common-controls_6595b64144ccf1df_6.0.22621.2506_none_270c5ae97388e100;C:\Program Files\Java\jdk-11.0.17\bin\server

VM Arguments:
jvm_args: -ea -javaagent:C:\Users\LyDT\.m2\repository/org/aspectj/aspectjweaver/1.9.8/aspectjweaver-1.9.8.jar -Dallure.results.directory=target/allure-results -Dfile.encoding=UTF-8 
java_command: org.testng.remote.RemoteTestNG -serport 53400 -protocol json -d D:\TaiLieu\DuAn\ENAS\test-output D:\TaiLieu\DuAn\ENAS\src\test\resources\runEnas.xml
java_class_path (initial): C:\Users\LyDT\eclipse\java-2022-12\eclipse\configuration\org.eclipse.osgi\438\0\.cp\lib\testng-remote.jar;D:\TaiLieu\DuAn\ENAS\target\test-classes;D:\TaiLieu\DuAn\ENAS\target\classes;D:\TaiLieu\DuAn\ENAS\libJackson\jackson-annotations-2.10.0.jar;D:\TaiLieu\DuAn\ENAS\libJackson\jackson-core-2.10.0.jar;D:\TaiLieu\DuAn\ENAS\libJackson\jackson-databind-2.10.0.jar;C:\Users\LyDT\.m2\repository\org\testng\testng\6.14.3\testng-6.14.3.jar;C:\Users\LyDT\.m2\repository\com\beust\jcommander\1.72\jcommander-1.72.jar;C:\Users\LyDT\.m2\repository\org\apache-extras\beanshell\bsh\2.0b6\bsh-2.0b6.jar;C:\Users\LyDT\.m2\repository\org\seleniumhq\selenium\selenium-java\4.11.0\selenium-java-4.11.0.jar;C:\Users\LyDT\.m2\repository\org\seleniumhq\selenium\selenium-api\4.11.0\selenium-api-4.11.0.jar;C:\Users\LyDT\.m2\repository\org\seleniumhq\selenium\selenium-chrome-driver\4.11.0\selenium-chrome-driver-4.11.0.jar;C:\Users\LyDT\.m2\repository\org\seleniumhq\selenium\selenium-chromium-driver\4.11.0\selenium-chromium-driver-4.11.0.jar;C:\Users\LyDT\.m2\repository\org\seleniumhq\selenium\selenium-manager\4.11.0\selenium-manager-4.11.0.jar;C:\Users\LyDT\.m2\repository\org\seleniumhq\selenium\selenium-devtools-v113\4.11.0\selenium-devtools-v113-4.11.0.jar;C:\Users\LyDT\.m2\repository\org\seleniumhq\selenium\selenium-devtools-v114\4.11.0\selenium-devtools-v114-4.11.0.jar;C:\Users\LyDT\.m2\repository\org\seleniumhq\selenium\selenium-devtools-v115\4.11.0\selenium-devtools-v115-4.11.0.jar;C:\Users\LyDT\.m2\repository\org\seleniumhq\selenium\selenium-devtools-v85\4.11.0\selenium-devtools-v85-4.11.0.jar;C:\Users\LyDT\.m2\repository\org\seleniumhq\selenium\selenium-edge-driver\4.11.0\selenium-edge-driver-4.11.0.jar;C:\Users\LyDT\.m2\repository\org\seleniumhq\selenium\selenium-firefox-driver\4.11.0\selenium-firefox-driver-4.11.0.jar;C:\Users\LyDT\.m2\repository\org\seleniumhq\selenium\selenium-http\4.11.0\selenium-http-4.11.0.jar;C:\Users\LyDT\.m2\repository\dev\failsafe\fai
Launcher Type: SUN_STANDARD

[Global flags]
     intx CICompilerCount                          = 4                                         {product} {ergonomic}
     uint ConcGCThreads                            = 2                                         {product} {ergonomic}
     uint G1ConcRefinementThreads                  = 8                                         {product} {ergonomic}
   size_t G1HeapRegionSize                         = 1048576                                   {product} {ergonomic}
    uintx GCDrainStackTargetSize                   = 64                                        {product} {ergonomic}
   size_t InitialHeapSize                          = 264241152                                 {product} {ergonomic}
   size_t MarkStackSize                            = 4194304                                   {product} {ergonomic}
   size_t MaxHeapSize                              = 4227858432                                {product} {ergonomic}
   size_t MaxNewSize                               = 2536505344                                {product} {ergonomic}
   size_t MinHeapDeltaBytes                        = 1048576                                   {product} {ergonomic}
    uintx NonNMethodCodeHeapSize                   = 5836300                                {pd product} {ergonomic}
    uintx NonProfiledCodeHeapSize                  = 122910970                              {pd product} {ergonomic}
    uintx ProfiledCodeHeapSize                     = 122910970                              {pd product} {ergonomic}
    uintx ReservedCodeCacheSize                    = 251658240                              {pd product} {ergonomic}
     bool SegmentedCodeCache                       = true                                      {product} {ergonomic}
     bool UseCompressedClassPointers               = true                                 {lp64_product} {ergonomic}
     bool UseCompressedOops                        = true                                 {lp64_product} {ergonomic}
     bool UseG1GC                                  = true                                      {product} {ergonomic}
     bool UseLargePagesIndividualAllocation        = false                                  {pd product} {ergonomic}

Logging:
Log output configuration:
 #0: stdout all=warning uptime,level,tags
 #1: stderr all=off uptime,level,tags

Environment Variables:
JAVA_HOME=C:\Program Files\Java\jdk-11.0.17
PATH=C:/Users/LyDT/.p2/pool/plugins/org.eclipse.justj.openjdk.hotspot.jre.full.win32.x86_64_17.0.6.v20230204-1729/jre/bin/server;C:/Users/LyDT/.p2/pool/plugins/org.eclipse.justj.openjdk.hotspot.jre.full.win32.x86_64_17.0.6.v20230204-1729/jre/bin;C:\Program Files\Common Files\Oracle\Java\javapath;C:\WINDOWS\system32;C:\WINDOWS;C:\WINDOWS\System32\Wbem;C:\WINDOWS\System32\WindowsPowerShell\v1.0\;C:\WINDOWS\System32\OpenSSH\;C:\Program Files\nodejs\;C:\ProgramData\chocolatey\bin;D:\TaiLieu\AutomationTest\01-Software\allure-2.24.0\allure-2.24.0\bin;C:\Program Files\Java\jdk-11.0.17\bin;D:\TaiLieu\AutomationTest\01-Software\apache-maven-3.9.5-bin\apache-maven-3.9.5\bin;D:\TaiLieu\AutomationTest\01-Software\gradle-7.6.1-bin\gradle-7.6.1\bin;C:\Program Files\Microsoft SQL Server\120\Tools\Binn\;C:\Program Files\Microsoft SQL Server\Client SDK\ODBC\110\Tools\Binn\;C:\Program Files (x86)\Microsoft SQL Server\120\Tools\Binn\;C:\Program Files\Microsoft SQL Server\120\DTS\Binn\;C:\Program Files (x86)\Microsoft SQL Server\120\Tools\Binn\ManagementStudio\;C:\Program Files (x86)\Microsoft SQL Server\120\DTS\Binn\;D:\TaiLieu\AutomationTest\01-Software\cmder_mini\bin;C:\Users\LyDT\AppData\Local\Microsoft\WindowsApps;C:\Users\LyDT\AppData\Roaming\npm;C:\Users\LyDT\AppData\Local\Programs\Microsoft VS Code\bin;C:\Users\LyDT\AppData\Local\Programs\Git\cmd;C:\WINDOWS\System32;
USERNAME=LyDT
OS=Windows_NT
PROCESSOR_IDENTIFIER=Intel64 Family 6 Model 140 Stepping 1, GenuineIntel



---------------  S Y S T E M  ---------------

OS: Windows 11 , 64 bit Build 22621 (10.0.22621.2506)

CPU:total 8 (initial active 8) (4 cores per cpu, 2 threads per core) family 6 model 140 stepping 1 microcode 0xac, cmov, cx8, fxsr, mmx, sse, sse2, sse3, ssse3, sse4.1, sse4.2, popcnt, avx, avx2, aes, clmul, erms, 3dnowpref, lzcnt, ht, tsc, tscinvbit, bmi1, bmi2, adx, evex, sha, fma

Memory: 4k page, system-wide physical 16126M (814M free)
TotalPageFile size 38973M (AvailPageFile size 9M)
current process WorkingSet (physical memory assigned to process): 468M, peak: 481M
current process commit charge ("private bytes"): 545M, peak: 559M

vm_info: Java HotSpot(TM) 64-Bit Server VM (11.0.17+10-LTS-269) for windows-amd64 JRE (11.0.17+10-LTS-269), built on Sep 13 2022 19:26:37 by "mach5one" with MS VC++ 15.9 (VS2017)

END.
